State 50 conflicts: 1 shift/reduce


Grammar

    0 $accept: programa $end

    1 $@1: %empty

    2 $@2: %empty

    3 $@3: %empty

    4 programa: cabecalho $@1 variaveis $@2 rotinas $@3 T_INICIO lista_comandos T_FIM

    5 cabecalho: T_PROGRAMA T_IDENTIF

    6 variaveis: %empty
    7          | declaracao_variaveis

    8 declaracao_variaveis: tipo lista_variaveis declaracao_variaveis
    9                     | tipo lista_variaveis

   10 tipo: T_LOGICO
   11     | T_INTEIRO

   12 lista_variaveis: lista_variaveis T_IDENTIF
   13                | T_IDENTIF

   14 rotinas: %empty

   15 $@4: %empty

   16 rotinas: $@4 funcoes

   17 funcoes: funcao
   18        | funcao funcoes

   19 $@5: %empty

   20 $@6: %empty

   21 funcao: T_FUNC tipo T_IDENTIF $@5 T_ABRE lista_parametros T_FECHA $@6 variaveis T_INICIO lista_comandos T_FIMFUNC

   22 lista_parametros: %empty
   23                 | parametro lista_parametros

   24 parametro: tipo T_IDENTIF

   25 lista_comandos: %empty
   26               | comando lista_comandos

   27 comando: entrada_saida
   28        | repeticao
   29        | selecao
   30        | atribuicao
   31        | retorno

   32 retorno: T_RETORNE expressao

   33 entrada_saida: leitura
   34              | escrita

   35 leitura: T_LEIA T_IDENTIF

   36 escrita: T_ESCREVA expressao

   37 $@7: %empty

   38 $@8: %empty

   39 repeticao: T_ENQTO $@7 expressao T_FACA $@8 lista_comandos T_FIMENQTO

   40 $@9: %empty

   41 $@10: %empty

   42 selecao: T_SE expressao T_ENTAO $@9 lista_comandos T_SENAO $@10 lista_comandos T_FIMSE

   43 $@11: %empty

   44 atribuicao: T_IDENTIF $@11 T_ATRIBUI expressao

   45 expressao: expressao T_VEZES expressao
   46          | expressao T_DIV expressao
   47          | expressao T_MAIS expressao
   48          | expressao T_MENOS expressao
   49          | expressao T_MAIOR expressao
   50          | expressao T_MENOR expressao
   51          | expressao T_IGUAL expressao
   52          | expressao T_E expressao
   53          | expressao T_OU expressao
   54          | termo

   55 identificador: T_IDENTIF

   56 chamada: %empty

   57 $@12: %empty

   58 chamada: T_ABRE $@12 lista_argumentos T_FECHA

   59 lista_argumentos: %empty
   60                 | expressao lista_argumentos

   61 termo: identificador chamada
   62      | T_NUMERO
   63      | T_V
   64      | T_F
   65      | T_NAO termo
   66      | T_ABRE expressao T_FECHA


Terminals, with rules where they appear

    $end (0) 0
    error (256)
    T_PROGRAMA (258) 5
    T_INICIO (259) 4 21
    T_FIM (260) 4
    T_LEIA (261) 35
    T_ESCREVA (262) 36
    T_SE (263) 42
    T_ENTAO (264) 42
    T_SENAO (265) 42
    T_FIMSE (266) 42
    T_ENQTO (267) 39
    T_FACA (268) 39
    T_FIMENQTO (269) 39
    T_INTEIRO (270) 11
    T_LOGICO (271) 10
    T_MAIS (272) 47
    T_MENOS (273) 48
    T_VEZES (274) 45
    T_DIV (275) 46
    T_MAIOR (276) 49
    T_MENOR (277) 50
    T_IGUAL (278) 51
    T_E (279) 52
    T_OU (280) 53
    T_NAO (281) 65
    T_ATRIBUI (282) 44
    T_ABRE (283) 21 58 66
    T_FECHA (284) 21 58 66
    T_V (285) 63
    T_F (286) 64
    T_IDENTIF (287) 5 12 13 21 24 35 44 55
    T_NUMERO (288) 62
    T_RETORNE (289) 32
    T_FUNC (290) 21
    T_FIMFUNC (291) 21


Nonterminals, with rules where they appear

    $accept (37)
        on left: 0
    programa (38)
        on left: 4
        on right: 0
    $@1 (39)
        on left: 1
        on right: 4
    $@2 (40)
        on left: 2
        on right: 4
    $@3 (41)
        on left: 3
        on right: 4
    cabecalho (42)
        on left: 5
        on right: 4
    variaveis (43)
        on left: 6 7
        on right: 4 21
    declaracao_variaveis (44)
        on left: 8 9
        on right: 7 8
    tipo (45)
        on left: 10 11
        on right: 8 9 21 24
    lista_variaveis (46)
        on left: 12 13
        on right: 8 9 12
    rotinas (47)
        on left: 14 16
        on right: 4
    $@4 (48)
        on left: 15
        on right: 16
    funcoes (49)
        on left: 17 18
        on right: 16 18
    funcao (50)
        on left: 21
        on right: 17 18
    $@5 (51)
        on left: 19
        on right: 21
    $@6 (52)
        on left: 20
        on right: 21
    lista_parametros (53)
        on left: 22 23
        on right: 21 23
    parametro (54)
        on left: 24
        on right: 23
    lista_comandos (55)
        on left: 25 26
        on right: 4 21 26 39 42
    comando (56)
        on left: 27 28 29 30 31
        on right: 26
    retorno (57)
        on left: 32
        on right: 31
    entrada_saida (58)
        on left: 33 34
        on right: 27
    leitura (59)
        on left: 35
        on right: 33
    escrita (60)
        on left: 36
        on right: 34
    repeticao (61)
        on left: 39
        on right: 28
    $@7 (62)
        on left: 37
        on right: 39
    $@8 (63)
        on left: 38
        on right: 39
    selecao (64)
        on left: 42
        on right: 29
    $@9 (65)
        on left: 40
        on right: 42
    $@10 (66)
        on left: 41
        on right: 42
    atribuicao (67)
        on left: 44
        on right: 30
    $@11 (68)
        on left: 43
        on right: 44
    expressao (69)
        on left: 45 46 47 48 49 50 51 52 53 54
        on right: 32 36 39 42 44 45 46 47 48 49 50 51 52 53 60 66
    identificador (70)
        on left: 55
        on right: 61
    chamada (71)
        on left: 56 58
        on right: 61
    $@12 (72)
        on left: 57
        on right: 58
    lista_argumentos (73)
        on left: 59 60
        on right: 58 60
    termo (74)
        on left: 61 62 63 64 65 66
        on right: 54 65


State 0

    0 $accept: . programa $end

    T_PROGRAMA  shift, and go to state 1

    programa   go to state 2
    cabecalho  go to state 3


State 1

    5 cabecalho: T_PROGRAMA . T_IDENTIF

    T_IDENTIF  shift, and go to state 4


State 2

    0 $accept: programa . $end

    $end  shift, and go to state 5


State 3

    4 programa: cabecalho . $@1 variaveis $@2 rotinas $@3 T_INICIO lista_comandos T_FIM

    $default  reduce using rule 1 ($@1)

    $@1  go to state 6


State 4

    5 cabecalho: T_PROGRAMA T_IDENTIF .

    $default  reduce using rule 5 (cabecalho)


State 5

    0 $accept: programa $end .

    $default  accept


State 6

    4 programa: cabecalho $@1 . variaveis $@2 rotinas $@3 T_INICIO lista_comandos T_FIM

    T_INTEIRO  shift, and go to state 7
    T_LOGICO   shift, and go to state 8

    $default  reduce using rule 6 (variaveis)

    variaveis             go to state 9
    declaracao_variaveis  go to state 10
    tipo                  go to state 11


State 7

   11 tipo: T_INTEIRO .

    $default  reduce using rule 11 (tipo)


State 8

   10 tipo: T_LOGICO .

    $default  reduce using rule 10 (tipo)


State 9

    4 programa: cabecalho $@1 variaveis . $@2 rotinas $@3 T_INICIO lista_comandos T_FIM

    $default  reduce using rule 2 ($@2)

    $@2  go to state 12


State 10

    7 variaveis: declaracao_variaveis .

    $default  reduce using rule 7 (variaveis)


State 11

    8 declaracao_variaveis: tipo . lista_variaveis declaracao_variaveis
    9                     | tipo . lista_variaveis

    T_IDENTIF  shift, and go to state 13

    lista_variaveis  go to state 14


State 12

    4 programa: cabecalho $@1 variaveis $@2 . rotinas $@3 T_INICIO lista_comandos T_FIM

    T_FUNC    reduce using rule 15 ($@4)
    $default  reduce using rule 14 (rotinas)

    rotinas  go to state 15
    $@4      go to state 16


State 13

   13 lista_variaveis: T_IDENTIF .

    $default  reduce using rule 13 (lista_variaveis)


State 14

    8 declaracao_variaveis: tipo lista_variaveis . declaracao_variaveis
    9                     | tipo lista_variaveis .
   12 lista_variaveis: lista_variaveis . T_IDENTIF

    T_INTEIRO  shift, and go to state 7
    T_LOGICO   shift, and go to state 8
    T_IDENTIF  shift, and go to state 17

    $default  reduce using rule 9 (declaracao_variaveis)

    declaracao_variaveis  go to state 18
    tipo                  go to state 11


State 15

    4 programa: cabecalho $@1 variaveis $@2 rotinas . $@3 T_INICIO lista_comandos T_FIM

    $default  reduce using rule 3 ($@3)

    $@3  go to state 19


State 16

   16 rotinas: $@4 . funcoes

    T_FUNC  shift, and go to state 20

    funcoes  go to state 21
    funcao   go to state 22


State 17

   12 lista_variaveis: lista_variaveis T_IDENTIF .

    $default  reduce using rule 12 (lista_variaveis)


State 18

    8 declaracao_variaveis: tipo lista_variaveis declaracao_variaveis .

    $default  reduce using rule 8 (declaracao_variaveis)


State 19

    4 programa: cabecalho $@1 variaveis $@2 rotinas $@3 . T_INICIO lista_comandos T_FIM

    T_INICIO  shift, and go to state 23


State 20

   21 funcao: T_FUNC . tipo T_IDENTIF $@5 T_ABRE lista_parametros T_FECHA $@6 variaveis T_INICIO lista_comandos T_FIMFUNC

    T_INTEIRO  shift, and go to state 7
    T_LOGICO   shift, and go to state 8

    tipo  go to state 24


State 21

   16 rotinas: $@4 funcoes .

    $default  reduce using rule 16 (rotinas)


State 22

   17 funcoes: funcao .
   18        | funcao . funcoes

    T_FUNC  shift, and go to state 20

    $default  reduce using rule 17 (funcoes)

    funcoes  go to state 25
    funcao   go to state 22


State 23

    4 programa: cabecalho $@1 variaveis $@2 rotinas $@3 T_INICIO . lista_comandos T_FIM

    T_LEIA     shift, and go to state 26
    T_ESCREVA  shift, and go to state 27
    T_SE       shift, and go to state 28
    T_ENQTO    shift, and go to state 29
    T_IDENTIF  shift, and go to state 30
    T_RETORNE  shift, and go to state 31

    $default  reduce using rule 25 (lista_comandos)

    lista_comandos  go to state 32
    comando         go to state 33
    retorno         go to state 34
    entrada_saida   go to state 35
    leitura         go to state 36
    escrita         go to state 37
    repeticao       go to state 38
    selecao         go to state 39
    atribuicao      go to state 40


State 24

   21 funcao: T_FUNC tipo . T_IDENTIF $@5 T_ABRE lista_parametros T_FECHA $@6 variaveis T_INICIO lista_comandos T_FIMFUNC

    T_IDENTIF  shift, and go to state 41


State 25

   18 funcoes: funcao funcoes .

    $default  reduce using rule 18 (funcoes)


State 26

   35 leitura: T_LEIA . T_IDENTIF

    T_IDENTIF  shift, and go to state 42


State 27

   36 escrita: T_ESCREVA . expressao

    T_NAO      shift, and go to state 43
    T_ABRE     shift, and go to state 44
    T_V        shift, and go to state 45
    T_F        shift, and go to state 46
    T_IDENTIF  shift, and go to state 47
    T_NUMERO   shift, and go to state 48

    expressao      go to state 49
    identificador  go to state 50
    termo          go to state 51


State 28

   42 selecao: T_SE . expressao T_ENTAO $@9 lista_comandos T_SENAO $@10 lista_comandos T_FIMSE

    T_NAO      shift, and go to state 43
    T_ABRE     shift, and go to state 44
    T_V        shift, and go to state 45
    T_F        shift, and go to state 46
    T_IDENTIF  shift, and go to state 47
    T_NUMERO   shift, and go to state 48

    expressao      go to state 52
    identificador  go to state 50
    termo          go to state 51


State 29

   39 repeticao: T_ENQTO . $@7 expressao T_FACA $@8 lista_comandos T_FIMENQTO

    $default  reduce using rule 37 ($@7)

    $@7  go to state 53


State 30

   44 atribuicao: T_IDENTIF . $@11 T_ATRIBUI expressao

    $default  reduce using rule 43 ($@11)

    $@11  go to state 54


State 31

   32 retorno: T_RETORNE . expressao

    T_NAO      shift, and go to state 43
    T_ABRE     shift, and go to state 44
    T_V        shift, and go to state 45
    T_F        shift, and go to state 46
    T_IDENTIF  shift, and go to state 47
    T_NUMERO   shift, and go to state 48

    expressao      go to state 55
    identificador  go to state 50
    termo          go to state 51


State 32

    4 programa: cabecalho $@1 variaveis $@2 rotinas $@3 T_INICIO lista_comandos . T_FIM

    T_FIM  shift, and go to state 56


State 33

   26 lista_comandos: comando . lista_comandos

    T_LEIA     shift, and go to state 26
    T_ESCREVA  shift, and go to state 27
    T_SE       shift, and go to state 28
    T_ENQTO    shift, and go to state 29
    T_IDENTIF  shift, and go to state 30
    T_RETORNE  shift, and go to state 31

    $default  reduce using rule 25 (lista_comandos)

    lista_comandos  go to state 57
    comando         go to state 33
    retorno         go to state 34
    entrada_saida   go to state 35
    leitura         go to state 36
    escrita         go to state 37
    repeticao       go to state 38
    selecao         go to state 39
    atribuicao      go to state 40


State 34

   31 comando: retorno .

    $default  reduce using rule 31 (comando)


State 35

   27 comando: entrada_saida .

    $default  reduce using rule 27 (comando)


State 36

   33 entrada_saida: leitura .

    $default  reduce using rule 33 (entrada_saida)


State 37

   34 entrada_saida: escrita .

    $default  reduce using rule 34 (entrada_saida)


State 38

   28 comando: repeticao .

    $default  reduce using rule 28 (comando)


State 39

   29 comando: selecao .

    $default  reduce using rule 29 (comando)


State 40

   30 comando: atribuicao .

    $default  reduce using rule 30 (comando)


State 41

   21 funcao: T_FUNC tipo T_IDENTIF . $@5 T_ABRE lista_parametros T_FECHA $@6 variaveis T_INICIO lista_comandos T_FIMFUNC

    $default  reduce using rule 19 ($@5)

    $@5  go to state 58


State 42

   35 leitura: T_LEIA T_IDENTIF .

    $default  reduce using rule 35 (leitura)


State 43

   65 termo: T_NAO . termo

    T_NAO      shift, and go to state 43
    T_ABRE     shift, and go to state 44
    T_V        shift, and go to state 45
    T_F        shift, and go to state 46
    T_IDENTIF  shift, and go to state 47
    T_NUMERO   shift, and go to state 48

    identificador  go to state 50
    termo          go to state 59


State 44

   66 termo: T_ABRE . expressao T_FECHA

    T_NAO      shift, and go to state 43
    T_ABRE     shift, and go to state 44
    T_V        shift, and go to state 45
    T_F        shift, and go to state 46
    T_IDENTIF  shift, and go to state 47
    T_NUMERO   shift, and go to state 48

    expressao      go to state 60
    identificador  go to state 50
    termo          go to state 51


State 45

   63 termo: T_V .

    $default  reduce using rule 63 (termo)


State 46

   64 termo: T_F .

    $default  reduce using rule 64 (termo)


State 47

   55 identificador: T_IDENTIF .

    $default  reduce using rule 55 (identificador)


State 48

   62 termo: T_NUMERO .

    $default  reduce using rule 62 (termo)


State 49

   36 escrita: T_ESCREVA expressao .
   45 expressao: expressao . T_VEZES expressao
   46          | expressao . T_DIV expressao
   47          | expressao . T_MAIS expressao
   48          | expressao . T_MENOS expressao
   49          | expressao . T_MAIOR expressao
   50          | expressao . T_MENOR expressao
   51          | expressao . T_IGUAL expressao
   52          | expressao . T_E expressao
   53          | expressao . T_OU expressao

    T_MAIS   shift, and go to state 61
    T_MENOS  shift, and go to state 62
    T_VEZES  shift, and go to state 63
    T_DIV    shift, and go to state 64
    T_MAIOR  shift, and go to state 65
    T_MENOR  shift, and go to state 66
    T_IGUAL  shift, and go to state 67
    T_E      shift, and go to state 68
    T_OU     shift, and go to state 69

    $default  reduce using rule 36 (escrita)


State 50

   61 termo: identificador . chamada

    T_ABRE  shift, and go to state 70

    T_ABRE    [reduce using rule 56 (chamada)]
    $default  reduce using rule 56 (chamada)

    chamada  go to state 71


State 51

   54 expressao: termo .

    $default  reduce using rule 54 (expressao)


State 52

   42 selecao: T_SE expressao . T_ENTAO $@9 lista_comandos T_SENAO $@10 lista_comandos T_FIMSE
   45 expressao: expressao . T_VEZES expressao
   46          | expressao . T_DIV expressao
   47          | expressao . T_MAIS expressao
   48          | expressao . T_MENOS expressao
   49          | expressao . T_MAIOR expressao
   50          | expressao . T_MENOR expressao
   51          | expressao . T_IGUAL expressao
   52          | expressao . T_E expressao
   53          | expressao . T_OU expressao

    T_ENTAO  shift, and go to state 72
    T_MAIS   shift, and go to state 61
    T_MENOS  shift, and go to state 62
    T_VEZES  shift, and go to state 63
    T_DIV    shift, and go to state 64
    T_MAIOR  shift, and go to state 65
    T_MENOR  shift, and go to state 66
    T_IGUAL  shift, and go to state 67
    T_E      shift, and go to state 68
    T_OU     shift, and go to state 69


State 53

   39 repeticao: T_ENQTO $@7 . expressao T_FACA $@8 lista_comandos T_FIMENQTO

    T_NAO      shift, and go to state 43
    T_ABRE     shift, and go to state 44
    T_V        shift, and go to state 45
    T_F        shift, and go to state 46
    T_IDENTIF  shift, and go to state 47
    T_NUMERO   shift, and go to state 48

    expressao      go to state 73
    identificador  go to state 50
    termo          go to state 51


State 54

   44 atribuicao: T_IDENTIF $@11 . T_ATRIBUI expressao

    T_ATRIBUI  shift, and go to state 74


State 55

   32 retorno: T_RETORNE expressao .
   45 expressao: expressao . T_VEZES expressao
   46          | expressao . T_DIV expressao
   47          | expressao . T_MAIS expressao
   48          | expressao . T_MENOS expressao
   49          | expressao . T_MAIOR expressao
   50          | expressao . T_MENOR expressao
   51          | expressao . T_IGUAL expressao
   52          | expressao . T_E expressao
   53          | expressao . T_OU expressao

    T_MAIS   shift, and go to state 61
    T_MENOS  shift, and go to state 62
    T_VEZES  shift, and go to state 63
    T_DIV    shift, and go to state 64
    T_MAIOR  shift, and go to state 65
    T_MENOR  shift, and go to state 66
    T_IGUAL  shift, and go to state 67
    T_E      shift, and go to state 68
    T_OU     shift, and go to state 69

    $default  reduce using rule 32 (retorno)


State 56

    4 programa: cabecalho $@1 variaveis $@2 rotinas $@3 T_INICIO lista_comandos T_FIM .

    $default  reduce using rule 4 (programa)


State 57

   26 lista_comandos: comando lista_comandos .

    $default  reduce using rule 26 (lista_comandos)


State 58

   21 funcao: T_FUNC tipo T_IDENTIF $@5 . T_ABRE lista_parametros T_FECHA $@6 variaveis T_INICIO lista_comandos T_FIMFUNC

    T_ABRE  shift, and go to state 75


State 59

   65 termo: T_NAO termo .

    $default  reduce using rule 65 (termo)


State 60

   45 expressao: expressao . T_VEZES expressao
   46          | expressao . T_DIV expressao
   47          | expressao . T_MAIS expressao
   48          | expressao . T_MENOS expressao
   49          | expressao . T_MAIOR expressao
   50          | expressao . T_MENOR expressao
   51          | expressao . T_IGUAL expressao
   52          | expressao . T_E expressao
   53          | expressao . T_OU expressao
   66 termo: T_ABRE expressao . T_FECHA

    T_MAIS   shift, and go to state 61
    T_MENOS  shift, and go to state 62
    T_VEZES  shift, and go to state 63
    T_DIV    shift, and go to state 64
    T_MAIOR  shift, and go to state 65
    T_MENOR  shift, and go to state 66
    T_IGUAL  shift, and go to state 67
    T_E      shift, and go to state 68
    T_OU     shift, and go to state 69
    T_FECHA  shift, and go to state 76


State 61

   47 expressao: expressao T_MAIS . expressao

    T_NAO      shift, and go to state 43
    T_ABRE     shift, and go to state 44
    T_V        shift, and go to state 45
    T_F        shift, and go to state 46
    T_IDENTIF  shift, and go to state 47
    T_NUMERO   shift, and go to state 48

    expressao      go to state 77
    identificador  go to state 50
    termo          go to state 51


State 62

   48 expressao: expressao T_MENOS . expressao

    T_NAO      shift, and go to state 43
    T_ABRE     shift, and go to state 44
    T_V        shift, and go to state 45
    T_F        shift, and go to state 46
    T_IDENTIF  shift, and go to state 47
    T_NUMERO   shift, and go to state 48

    expressao      go to state 78
    identificador  go to state 50
    termo          go to state 51


State 63

   45 expressao: expressao T_VEZES . expressao

    T_NAO      shift, and go to state 43
    T_ABRE     shift, and go to state 44
    T_V        shift, and go to state 45
    T_F        shift, and go to state 46
    T_IDENTIF  shift, and go to state 47
    T_NUMERO   shift, and go to state 48

    expressao      go to state 79
    identificador  go to state 50
    termo          go to state 51


State 64

   46 expressao: expressao T_DIV . expressao

    T_NAO      shift, and go to state 43
    T_ABRE     shift, and go to state 44
    T_V        shift, and go to state 45
    T_F        shift, and go to state 46
    T_IDENTIF  shift, and go to state 47
    T_NUMERO   shift, and go to state 48

    expressao      go to state 80
    identificador  go to state 50
    termo          go to state 51


State 65

   49 expressao: expressao T_MAIOR . expressao

    T_NAO      shift, and go to state 43
    T_ABRE     shift, and go to state 44
    T_V        shift, and go to state 45
    T_F        shift, and go to state 46
    T_IDENTIF  shift, and go to state 47
    T_NUMERO   shift, and go to state 48

    expressao      go to state 81
    identificador  go to state 50
    termo          go to state 51


State 66

   50 expressao: expressao T_MENOR . expressao

    T_NAO      shift, and go to state 43
    T_ABRE     shift, and go to state 44
    T_V        shift, and go to state 45
    T_F        shift, and go to state 46
    T_IDENTIF  shift, and go to state 47
    T_NUMERO   shift, and go to state 48

    expressao      go to state 82
    identificador  go to state 50
    termo          go to state 51


State 67

   51 expressao: expressao T_IGUAL . expressao

    T_NAO      shift, and go to state 43
    T_ABRE     shift, and go to state 44
    T_V        shift, and go to state 45
    T_F        shift, and go to state 46
    T_IDENTIF  shift, and go to state 47
    T_NUMERO   shift, and go to state 48

    expressao      go to state 83
    identificador  go to state 50
    termo          go to state 51


State 68

   52 expressao: expressao T_E . expressao

    T_NAO      shift, and go to state 43
    T_ABRE     shift, and go to state 44
    T_V        shift, and go to state 45
    T_F        shift, and go to state 46
    T_IDENTIF  shift, and go to state 47
    T_NUMERO   shift, and go to state 48

    expressao      go to state 84
    identificador  go to state 50
    termo          go to state 51


State 69

   53 expressao: expressao T_OU . expressao

    T_NAO      shift, and go to state 43
    T_ABRE     shift, and go to state 44
    T_V        shift, and go to state 45
    T_F        shift, and go to state 46
    T_IDENTIF  shift, and go to state 47
    T_NUMERO   shift, and go to state 48

    expressao      go to state 85
    identificador  go to state 50
    termo          go to state 51


State 70

   58 chamada: T_ABRE . $@12 lista_argumentos T_FECHA

    $default  reduce using rule 57 ($@12)

    $@12  go to state 86


State 71

   61 termo: identificador chamada .

    $default  reduce using rule 61 (termo)


State 72

   42 selecao: T_SE expressao T_ENTAO . $@9 lista_comandos T_SENAO $@10 lista_comandos T_FIMSE

    $default  reduce using rule 40 ($@9)

    $@9  go to state 87


State 73

   39 repeticao: T_ENQTO $@7 expressao . T_FACA $@8 lista_comandos T_FIMENQTO
   45 expressao: expressao . T_VEZES expressao
   46          | expressao . T_DIV expressao
   47          | expressao . T_MAIS expressao
   48          | expressao . T_MENOS expressao
   49          | expressao . T_MAIOR expressao
   50          | expressao . T_MENOR expressao
   51          | expressao . T_IGUAL expressao
   52          | expressao . T_E expressao
   53          | expressao . T_OU expressao

    T_FACA   shift, and go to state 88
    T_MAIS   shift, and go to state 61
    T_MENOS  shift, and go to state 62
    T_VEZES  shift, and go to state 63
    T_DIV    shift, and go to state 64
    T_MAIOR  shift, and go to state 65
    T_MENOR  shift, and go to state 66
    T_IGUAL  shift, and go to state 67
    T_E      shift, and go to state 68
    T_OU     shift, and go to state 69


State 74

   44 atribuicao: T_IDENTIF $@11 T_ATRIBUI . expressao

    T_NAO      shift, and go to state 43
    T_ABRE     shift, and go to state 44
    T_V        shift, and go to state 45
    T_F        shift, and go to state 46
    T_IDENTIF  shift, and go to state 47
    T_NUMERO   shift, and go to state 48

    expressao      go to state 89
    identificador  go to state 50
    termo          go to state 51


State 75

   21 funcao: T_FUNC tipo T_IDENTIF $@5 T_ABRE . lista_parametros T_FECHA $@6 variaveis T_INICIO lista_comandos T_FIMFUNC

    T_INTEIRO  shift, and go to state 7
    T_LOGICO   shift, and go to state 8

    $default  reduce using rule 22 (lista_parametros)

    tipo              go to state 90
    lista_parametros  go to state 91
    parametro         go to state 92


State 76

   66 termo: T_ABRE expressao T_FECHA .

    $default  reduce using rule 66 (termo)


State 77

   45 expressao: expressao . T_VEZES expressao
   46          | expressao . T_DIV expressao
   47          | expressao . T_MAIS expressao
   47          | expressao T_MAIS expressao .
   48          | expressao . T_MENOS expressao
   49          | expressao . T_MAIOR expressao
   50          | expressao . T_MENOR expressao
   51          | expressao . T_IGUAL expressao
   52          | expressao . T_E expressao
   53          | expressao . T_OU expressao

    T_VEZES  shift, and go to state 63
    T_DIV    shift, and go to state 64

    $default  reduce using rule 47 (expressao)


State 78

   45 expressao: expressao . T_VEZES expressao
   46          | expressao . T_DIV expressao
   47          | expressao . T_MAIS expressao
   48          | expressao . T_MENOS expressao
   48          | expressao T_MENOS expressao .
   49          | expressao . T_MAIOR expressao
   50          | expressao . T_MENOR expressao
   51          | expressao . T_IGUAL expressao
   52          | expressao . T_E expressao
   53          | expressao . T_OU expressao

    T_VEZES  shift, and go to state 63
    T_DIV    shift, and go to state 64

    $default  reduce using rule 48 (expressao)


State 79

   45 expressao: expressao . T_VEZES expressao
   45          | expressao T_VEZES expressao .
   46          | expressao . T_DIV expressao
   47          | expressao . T_MAIS expressao
   48          | expressao . T_MENOS expressao
   49          | expressao . T_MAIOR expressao
   50          | expressao . T_MENOR expressao
   51          | expressao . T_IGUAL expressao
   52          | expressao . T_E expressao
   53          | expressao . T_OU expressao

    $default  reduce using rule 45 (expressao)


State 80

   45 expressao: expressao . T_VEZES expressao
   46          | expressao . T_DIV expressao
   46          | expressao T_DIV expressao .
   47          | expressao . T_MAIS expressao
   48          | expressao . T_MENOS expressao
   49          | expressao . T_MAIOR expressao
   50          | expressao . T_MENOR expressao
   51          | expressao . T_IGUAL expressao
   52          | expressao . T_E expressao
   53          | expressao . T_OU expressao

    $default  reduce using rule 46 (expressao)


State 81

   45 expressao: expressao . T_VEZES expressao
   46          | expressao . T_DIV expressao
   47          | expressao . T_MAIS expressao
   48          | expressao . T_MENOS expressao
   49          | expressao . T_MAIOR expressao
   49          | expressao T_MAIOR expressao .
   50          | expressao . T_MENOR expressao
   51          | expressao . T_IGUAL expressao
   52          | expressao . T_E expressao
   53          | expressao . T_OU expressao

    T_MAIS   shift, and go to state 61
    T_MENOS  shift, and go to state 62
    T_VEZES  shift, and go to state 63
    T_DIV    shift, and go to state 64

    $default  reduce using rule 49 (expressao)


State 82

   45 expressao: expressao . T_VEZES expressao
   46          | expressao . T_DIV expressao
   47          | expressao . T_MAIS expressao
   48          | expressao . T_MENOS expressao
   49          | expressao . T_MAIOR expressao
   50          | expressao . T_MENOR expressao
   50          | expressao T_MENOR expressao .
   51          | expressao . T_IGUAL expressao
   52          | expressao . T_E expressao
   53          | expressao . T_OU expressao

    T_MAIS   shift, and go to state 61
    T_MENOS  shift, and go to state 62
    T_VEZES  shift, and go to state 63
    T_DIV    shift, and go to state 64

    $default  reduce using rule 50 (expressao)


State 83

   45 expressao: expressao . T_VEZES expressao
   46          | expressao . T_DIV expressao
   47          | expressao . T_MAIS expressao
   48          | expressao . T_MENOS expressao
   49          | expressao . T_MAIOR expressao
   50          | expressao . T_MENOR expressao
   51          | expressao . T_IGUAL expressao
   51          | expressao T_IGUAL expressao .
   52          | expressao . T_E expressao
   53          | expressao . T_OU expressao

    T_MAIS   shift, and go to state 61
    T_MENOS  shift, and go to state 62
    T_VEZES  shift, and go to state 63
    T_DIV    shift, and go to state 64
    T_MAIOR  shift, and go to state 65
    T_MENOR  shift, and go to state 66

    $default  reduce using rule 51 (expressao)


State 84

   45 expressao: expressao . T_VEZES expressao
   46          | expressao . T_DIV expressao
   47          | expressao . T_MAIS expressao
   48          | expressao . T_MENOS expressao
   49          | expressao . T_MAIOR expressao
   50          | expressao . T_MENOR expressao
   51          | expressao . T_IGUAL expressao
   52          | expressao . T_E expressao
   52          | expressao T_E expressao .
   53          | expressao . T_OU expressao

    T_MAIS   shift, and go to state 61
    T_MENOS  shift, and go to state 62
    T_VEZES  shift, and go to state 63
    T_DIV    shift, and go to state 64
    T_MAIOR  shift, and go to state 65
    T_MENOR  shift, and go to state 66
    T_IGUAL  shift, and go to state 67

    $default  reduce using rule 52 (expressao)


State 85

   45 expressao: expressao . T_VEZES expressao
   46          | expressao . T_DIV expressao
   47          | expressao . T_MAIS expressao
   48          | expressao . T_MENOS expressao
   49          | expressao . T_MAIOR expressao
   50          | expressao . T_MENOR expressao
   51          | expressao . T_IGUAL expressao
   52          | expressao . T_E expressao
   53          | expressao . T_OU expressao
   53          | expressao T_OU expressao .

    T_MAIS   shift, and go to state 61
    T_MENOS  shift, and go to state 62
    T_VEZES  shift, and go to state 63
    T_DIV    shift, and go to state 64
    T_MAIOR  shift, and go to state 65
    T_MENOR  shift, and go to state 66
    T_IGUAL  shift, and go to state 67

    $default  reduce using rule 53 (expressao)


State 86

   58 chamada: T_ABRE $@12 . lista_argumentos T_FECHA

    T_NAO      shift, and go to state 43
    T_ABRE     shift, and go to state 44
    T_V        shift, and go to state 45
    T_F        shift, and go to state 46
    T_IDENTIF  shift, and go to state 47
    T_NUMERO   shift, and go to state 48

    $default  reduce using rule 59 (lista_argumentos)

    expressao         go to state 93
    identificador     go to state 50
    lista_argumentos  go to state 94
    termo             go to state 51


State 87

   42 selecao: T_SE expressao T_ENTAO $@9 . lista_comandos T_SENAO $@10 lista_comandos T_FIMSE

    T_LEIA     shift, and go to state 26
    T_ESCREVA  shift, and go to state 27
    T_SE       shift, and go to state 28
    T_ENQTO    shift, and go to state 29
    T_IDENTIF  shift, and go to state 30
    T_RETORNE  shift, and go to state 31

    $default  reduce using rule 25 (lista_comandos)

    lista_comandos  go to state 95
    comando         go to state 33
    retorno         go to state 34
    entrada_saida   go to state 35
    leitura         go to state 36
    escrita         go to state 37
    repeticao       go to state 38
    selecao         go to state 39
    atribuicao      go to state 40


State 88

   39 repeticao: T_ENQTO $@7 expressao T_FACA . $@8 lista_comandos T_FIMENQTO

    $default  reduce using rule 38 ($@8)

    $@8  go to state 96


State 89

   44 atribuicao: T_IDENTIF $@11 T_ATRIBUI expressao .
   45 expressao: expressao . T_VEZES expressao
   46          | expressao . T_DIV expressao
   47          | expressao . T_MAIS expressao
   48          | expressao . T_MENOS expressao
   49          | expressao . T_MAIOR expressao
   50          | expressao . T_MENOR expressao
   51          | expressao . T_IGUAL expressao
   52          | expressao . T_E expressao
   53          | expressao . T_OU expressao

    T_MAIS   shift, and go to state 61
    T_MENOS  shift, and go to state 62
    T_VEZES  shift, and go to state 63
    T_DIV    shift, and go to state 64
    T_MAIOR  shift, and go to state 65
    T_MENOR  shift, and go to state 66
    T_IGUAL  shift, and go to state 67
    T_E      shift, and go to state 68
    T_OU     shift, and go to state 69

    $default  reduce using rule 44 (atribuicao)


State 90

   24 parametro: tipo . T_IDENTIF

    T_IDENTIF  shift, and go to state 97


State 91

   21 funcao: T_FUNC tipo T_IDENTIF $@5 T_ABRE lista_parametros . T_FECHA $@6 variaveis T_INICIO lista_comandos T_FIMFUNC

    T_FECHA  shift, and go to state 98


State 92

   23 lista_parametros: parametro . lista_parametros

    T_INTEIRO  shift, and go to state 7
    T_LOGICO   shift, and go to state 8

    $default  reduce using rule 22 (lista_parametros)

    tipo              go to state 90
    lista_parametros  go to state 99
    parametro         go to state 92


State 93

   45 expressao: expressao . T_VEZES expressao
   46          | expressao . T_DIV expressao
   47          | expressao . T_MAIS expressao
   48          | expressao . T_MENOS expressao
   49          | expressao . T_MAIOR expressao
   50          | expressao . T_MENOR expressao
   51          | expressao . T_IGUAL expressao
   52          | expressao . T_E expressao
   53          | expressao . T_OU expressao
   60 lista_argumentos: expressao . lista_argumentos

    T_MAIS     shift, and go to state 61
    T_MENOS    shift, and go to state 62
    T_VEZES    shift, and go to state 63
    T_DIV      shift, and go to state 64
    T_MAIOR    shift, and go to state 65
    T_MENOR    shift, and go to state 66
    T_IGUAL    shift, and go to state 67
    T_E        shift, and go to state 68
    T_OU       shift, and go to state 69
    T_NAO      shift, and go to state 43
    T_ABRE     shift, and go to state 44
    T_V        shift, and go to state 45
    T_F        shift, and go to state 46
    T_IDENTIF  shift, and go to state 47
    T_NUMERO   shift, and go to state 48

    $default  reduce using rule 59 (lista_argumentos)

    expressao         go to state 93
    identificador     go to state 50
    lista_argumentos  go to state 100
    termo             go to state 51


State 94

   58 chamada: T_ABRE $@12 lista_argumentos . T_FECHA

    T_FECHA  shift, and go to state 101


State 95

   42 selecao: T_SE expressao T_ENTAO $@9 lista_comandos . T_SENAO $@10 lista_comandos T_FIMSE

    T_SENAO  shift, and go to state 102


State 96

   39 repeticao: T_ENQTO $@7 expressao T_FACA $@8 . lista_comandos T_FIMENQTO

    T_LEIA     shift, and go to state 26
    T_ESCREVA  shift, and go to state 27
    T_SE       shift, and go to state 28
    T_ENQTO    shift, and go to state 29
    T_IDENTIF  shift, and go to state 30
    T_RETORNE  shift, and go to state 31

    $default  reduce using rule 25 (lista_comandos)

    lista_comandos  go to state 103
    comando         go to state 33
    retorno         go to state 34
    entrada_saida   go to state 35
    leitura         go to state 36
    escrita         go to state 37
    repeticao       go to state 38
    selecao         go to state 39
    atribuicao      go to state 40


State 97

   24 parametro: tipo T_IDENTIF .

    $default  reduce using rule 24 (parametro)


State 98

   21 funcao: T_FUNC tipo T_IDENTIF $@5 T_ABRE lista_parametros T_FECHA . $@6 variaveis T_INICIO lista_comandos T_FIMFUNC

    $default  reduce using rule 20 ($@6)

    $@6  go to state 104


State 99

   23 lista_parametros: parametro lista_parametros .

    $default  reduce using rule 23 (lista_parametros)


State 100

   60 lista_argumentos: expressao lista_argumentos .

    $default  reduce using rule 60 (lista_argumentos)


State 101

   58 chamada: T_ABRE $@12 lista_argumentos T_FECHA .

    $default  reduce using rule 58 (chamada)


State 102

   42 selecao: T_SE expressao T_ENTAO $@9 lista_comandos T_SENAO . $@10 lista_comandos T_FIMSE

    $default  reduce using rule 41 ($@10)

    $@10  go to state 105


State 103

   39 repeticao: T_ENQTO $@7 expressao T_FACA $@8 lista_comandos . T_FIMENQTO

    T_FIMENQTO  shift, and go to state 106


State 104

   21 funcao: T_FUNC tipo T_IDENTIF $@5 T_ABRE lista_parametros T_FECHA $@6 . variaveis T_INICIO lista_comandos T_FIMFUNC

    T_INTEIRO  shift, and go to state 7
    T_LOGICO   shift, and go to state 8

    $default  reduce using rule 6 (variaveis)

    variaveis             go to state 107
    declaracao_variaveis  go to state 10
    tipo                  go to state 11


State 105

   42 selecao: T_SE expressao T_ENTAO $@9 lista_comandos T_SENAO $@10 . lista_comandos T_FIMSE

    T_LEIA     shift, and go to state 26
    T_ESCREVA  shift, and go to state 27
    T_SE       shift, and go to state 28
    T_ENQTO    shift, and go to state 29
    T_IDENTIF  shift, and go to state 30
    T_RETORNE  shift, and go to state 31

    $default  reduce using rule 25 (lista_comandos)

    lista_comandos  go to state 108
    comando         go to state 33
    retorno         go to state 34
    entrada_saida   go to state 35
    leitura         go to state 36
    escrita         go to state 37
    repeticao       go to state 38
    selecao         go to state 39
    atribuicao      go to state 40


State 106

   39 repeticao: T_ENQTO $@7 expressao T_FACA $@8 lista_comandos T_FIMENQTO .

    $default  reduce using rule 39 (repeticao)


State 107

   21 funcao: T_FUNC tipo T_IDENTIF $@5 T_ABRE lista_parametros T_FECHA $@6 variaveis . T_INICIO lista_comandos T_FIMFUNC

    T_INICIO  shift, and go to state 109


State 108

   42 selecao: T_SE expressao T_ENTAO $@9 lista_comandos T_SENAO $@10 lista_comandos . T_FIMSE

    T_FIMSE  shift, and go to state 110


State 109

   21 funcao: T_FUNC tipo T_IDENTIF $@5 T_ABRE lista_parametros T_FECHA $@6 variaveis T_INICIO . lista_comandos T_FIMFUNC

    T_LEIA     shift, and go to state 26
    T_ESCREVA  shift, and go to state 27
    T_SE       shift, and go to state 28
    T_ENQTO    shift, and go to state 29
    T_IDENTIF  shift, and go to state 30
    T_RETORNE  shift, and go to state 31

    $default  reduce using rule 25 (lista_comandos)

    lista_comandos  go to state 111
    comando         go to state 33
    retorno         go to state 34
    entrada_saida   go to state 35
    leitura         go to state 36
    escrita         go to state 37
    repeticao       go to state 38
    selecao         go to state 39
    atribuicao      go to state 40


State 110

   42 selecao: T_SE expressao T_ENTAO $@9 lista_comandos T_SENAO $@10 lista_comandos T_FIMSE .

    $default  reduce using rule 42 (selecao)


State 111

   21 funcao: T_FUNC tipo T_IDENTIF $@5 T_ABRE lista_parametros T_FECHA $@6 variaveis T_INICIO lista_comandos . T_FIMFUNC

    T_FIMFUNC  shift, and go to state 112


State 112

   21 funcao: T_FUNC tipo T_IDENTIF $@5 T_ABRE lista_parametros T_FECHA $@6 variaveis T_INICIO lista_comandos T_FIMFUNC .

    $default  reduce using rule 21 (funcao)
